<?xml version="1.0" encoding="UTF-8"?>
<!-- Generated by org.testng.reporters.JUnitReportReporter -->
<testsuite skipped="0" hostname="Ravi.local" name="com.sap.testcases.SignUpTest" tests="6" failures="0" timestamp="30 Jul 2020 13:26:41 GMT" time="12.702" errors="0">
  <testcase name="verifyTitle" time="0.183" classname="com.sap.testcases.SignUpTest"/>
  <testcase name="cookies" time="1.088" classname="com.sap.testcases.SignUpTest"/>
  <testcase name="clickSignUpBtn" time="3.902" classname="com.sap.testcases.SignUpTest"/>
  <testcase name="verifyRegisterPopUp" time="0.853" classname="com.sap.testcases.SignUpTest"/>
  <testcase name="EnterUserDetails" time="4.162" classname="com.sap.testcases.SignUpTest"/>
  <testcase name="verifySuccessMsg" time="2.514" classname="com.sap.testcases.SignUpTest"/>
</testsuite> <!-- com.sap.testcases.SignUpTest -->
