<?xml version="1.0" encoding="UTF-8"?>
<!-- Generated by org.testng.reporters.JUnitReportReporter -->
<testsuite skipped="0" hostname="Ravi.local" name="com.sap.testcases.SignUpTest" tests="6" failures="0" timestamp="27 Jul 2020 05:09:56 GMT" time="5.111" errors="0">
  <testcase name="verifyTitle" time="0.058" classname="com.sap.testcases.SignUpTest"/>
  <testcase name="cookies" time="0.156" classname="com.sap.testcases.SignUpTest"/>
  <testcase name="clikcSignUpBtn" time="2.560" classname="com.sap.testcases.SignUpTest"/>
  <testcase name="verifyRegisterPopUp" time="0.058" classname="com.sap.testcases.SignUpTest"/>
  <testcase name="EnterUserDetails" time="1.782" classname="com.sap.testcases.SignUpTest"/>
  <testcase name="verifySuccessMsg" time="0.497" classname="com.sap.testcases.SignUpTest"/>
</testsuite> <!-- com.sap.testcases.SignUpTest -->
