<?xml version="1.0" encoding="UTF-8"?>
<!-- Generated by org.testng.reporters.JUnitReportReporter -->
<testsuite skipped="0" hostname="Ravi.local" name="com.sap.testcases.SignUpTest" tests="6" failures="0" timestamp="30 Jul 2020 09:26:34 GMT" time="13.612" errors="0">
  <testcase name="verifyTitle" time="0.450" classname="com.sap.testcases.SignUpTest"/>
  <testcase name="cookies" time="0.767" classname="com.sap.testcases.SignUpTest"/>
  <testcase name="clickSignUpBtn" time="3.846" classname="com.sap.testcases.SignUpTest"/>
  <testcase name="verifyRegisterPopUp" time="2.047" classname="com.sap.testcases.SignUpTest"/>
  <testcase name="EnterUserDetails" time="3.855" classname="com.sap.testcases.SignUpTest"/>
  <testcase name="verifySuccessMsg" time="2.647" classname="com.sap.testcases.SignUpTest"/>
</testsuite> <!-- com.sap.testcases.SignUpTest -->
