<?xml version="1.0" encoding="UTF-8"?>
<!-- Generated by org.testng.reporters.JUnitReportReporter -->
<testsuite skipped="0" hostname="Ravi.local" name="com.sap.testcases.SignUpTest" tests="6" failures="0" timestamp="27 Jul 2020 04:08:43 GMT" time="6.529" errors="0">
  <testcase name="verifyTitle" time="0.035" classname="com.sap.testcases.SignUpTest"/>
  <testcase name="cookies" time="0.159" classname="com.sap.testcases.SignUpTest"/>
  <testcase name="clikcSignUpBtn" time="2.601" classname="com.sap.testcases.SignUpTest"/>
  <testcase name="verifyRegisterPopUp" time="0.137" classname="com.sap.testcases.SignUpTest"/>
  <testcase name="EnterUserDetails" time="1.350" classname="com.sap.testcases.SignUpTest"/>
  <testcase name="verifySuccessMsg" time="2.247" classname="com.sap.testcases.SignUpTest"/>
</testsuite> <!-- com.sap.testcases.SignUpTest -->
