<?xml version="1.0" encoding="UTF-8"?>
<!-- Generated by org.testng.reporters.JUnitReportReporter -->
<testsuite skipped="0" hostname="Ravi.local" name="com.sap.testcases.SignUpTest" tests="12" failures="0" timestamp="30 Jul 2020 08:24:22 GMT" time="26.501" errors="0">
  <testcase name="verifyTitle" time="0.214" classname="com.sap.testcases.SignUpTest"/>
  <testcase name="verifyTitle" time="0.268" classname="com.sap.testcases.SignUpTest"/>
  <testcase name="cookies" time="1.153" classname="com.sap.testcases.SignUpTest"/>
  <testcase name="cookies" time="1.472" classname="com.sap.testcases.SignUpTest"/>
  <testcase name="clikcSignUpBtn" time="3.620" classname="com.sap.testcases.SignUpTest"/>
  <testcase name="clikcSignUpBtn" time="3.461" classname="com.sap.testcases.SignUpTest"/>
  <testcase name="verifyRegisterPopUp" time="0.710" classname="com.sap.testcases.SignUpTest"/>
  <testcase name="verifyRegisterPopUp" time="0.426" classname="com.sap.testcases.SignUpTest"/>
  <testcase name="EnterUserDetails" time="3.612" classname="com.sap.testcases.SignUpTest"/>
  <testcase name="EnterUserDetails" time="6.475" classname="com.sap.testcases.SignUpTest"/>
  <testcase name="verifySuccessMsg" time="2.799" classname="com.sap.testcases.SignUpTest"/>
  <testcase name="verifySuccessMsg" time="2.291" classname="com.sap.testcases.SignUpTest"/>
</testsuite> <!-- com.sap.testcases.SignUpTest -->
