<?xml version="1.0" encoding="UTF-8"?>
<!-- Generated by org.testng.reporters.JUnitReportReporter -->
<testsuite skipped="0" hostname="Ravi.local" name="com.sap.testcases.SignUpTest" tests="6" failures="0" timestamp="27 Jul 2020 04:11:47 GMT" time="5.403" errors="0">
  <testcase name="verifyTitle" time="0.028" classname="com.sap.testcases.SignUpTest"/>
  <testcase name="cookies" time="0.193" classname="com.sap.testcases.SignUpTest"/>
  <testcase name="clikcSignUpBtn" time="2.814" classname="com.sap.testcases.SignUpTest"/>
  <testcase name="verifyRegisterPopUp" time="0.087" classname="com.sap.testcases.SignUpTest"/>
  <testcase name="EnterUserDetails" time="1.102" classname="com.sap.testcases.SignUpTest"/>
  <testcase name="verifySuccessMsg" time="1.179" classname="com.sap.testcases.SignUpTest"/>
</testsuite> <!-- com.sap.testcases.SignUpTest -->
